c:\users\riki1\source\repos\gm31授業\dx11_empty\debug\vc141.pdb
c:\users\riki1\source\repos\gm31授業\dx11_empty\debug\vc141.idb
c:\users\riki1\source\repos\gm31授業\dx11_empty\debug\renderer.obj
c:\users\riki1\source\repos\gm31授業\dx11_empty\debug\polygon2d.obj
c:\users\riki1\source\repos\gm31授業\dx11_empty\debug\player.obj
c:\users\riki1\source\repos\gm31授業\dx11_empty\debug\model.obj
c:\users\riki1\source\repos\gm31授業\dx11_empty\debug\manager.obj
c:\users\riki1\source\repos\gm31授業\dx11_empty\debug\main.obj
c:\users\riki1\source\repos\gm31授業\dx11_empty\debug\field.obj
c:\users\riki1\source\repos\gm31授業\dx11_empty\debug\camera.obj
c:\users\riki1\source\repos\gm31授業\dx11_empty\debug\modelmanager.obj
c:\users\riki1\source\repos\gm31授業\dx11_empty\unlittextureps.cso
c:\users\riki1\source\repos\gm31授業\dx11_empty\unlittexturevs.cso
c:\users\riki1\source\repos\gm31授業\dx11_empty\vertexlightingps.cso
c:\users\riki1\source\repos\gm31授業\dx11_empty\vertexlightingvs.cso
c:\users\riki1\source\repos\gm31授業\debug\dx11_empty.pdb
c:\users\riki1\source\repos\gm31授業\dx11_empty\debug\dx11_empty.tlog\cl.command.1.tlog
c:\users\riki1\source\repos\gm31授業\dx11_empty\debug\dx11_empty.tlog\cl.read.1.tlog
c:\users\riki1\source\repos\gm31授業\dx11_empty\debug\dx11_empty.tlog\cl.write.1.tlog
c:\users\riki1\source\repos\gm31授業\dx11_empty\debug\dx11_empty.tlog\fxc.command.1.tlog
c:\users\riki1\source\repos\gm31授業\dx11_empty\debug\dx11_empty.tlog\fxc.read.1.tlog
c:\users\riki1\source\repos\gm31授業\dx11_empty\debug\dx11_empty.tlog\fxc.write.1.tlog
c:\users\riki1\source\repos\gm31授業\dx11_empty\debug\dx11_empty.tlog\link.16248-cvtres.read.1.tlog
c:\users\riki1\source\repos\gm31授業\dx11_empty\debug\dx11_empty.tlog\link.16248-cvtres.write.1.tlog
c:\users\riki1\source\repos\gm31授業\dx11_empty\debug\dx11_empty.tlog\link.16248-rc.read.1.tlog
c:\users\riki1\source\repos\gm31授業\dx11_empty\debug\dx11_empty.tlog\link.16248-rc.write.1.tlog
c:\users\riki1\source\repos\gm31授業\dx11_empty\debug\dx11_empty.tlog\link.16248.read.1.tlog
c:\users\riki1\source\repos\gm31授業\dx11_empty\debug\dx11_empty.tlog\link.16248.write.1.tlog
c:\users\riki1\source\repos\gm31授業\dx11_empty\debug\dx11_empty.tlog\link.command.1.tlog
c:\users\riki1\source\repos\gm31授業\dx11_empty\debug\dx11_empty.tlog\link.read.1.tlog
c:\users\riki1\source\repos\gm31授業\dx11_empty\debug\dx11_empty.tlog\link.write.1.tlog
