  Camera.cpp
c:\users\riki takayanagi\source\repos\dx11shader\dx11_empty\camera.h(3): error C2871: 'DirectX': この名前を指定された名前空間は存在しません。
c:\users\riki takayanagi\source\repos\dx11shader\dx11_empty\camera.h(14): error C3646: 'm_position': 不明なオーバーライド指定子です
c:\users\riki takayanagi\source\repos\dx11shader\dx11_empty\camera.h(14): error C4430: 型指定子がありません - int と仮定しました。メモ: C++ は int を既定値としてサポートしていません
c:\users\riki takayanagi\source\repos\dx11shader\dx11_empty\camera.h(15): error C3646: 'm_target': 不明なオーバーライド指定子です
c:\users\riki takayanagi\source\repos\dx11shader\dx11_empty\camera.h(15): error C4430: 型指定子がありません - int と仮定しました。メモ: C++ は int を既定値としてサポートしていません
c:\users\riki takayanagi\source\repos\dx11shader\dx11_empty\renderer.h(9): error C3646: 'Position': 不明なオーバーライド指定子です
c:\users\riki takayanagi\source\repos\dx11shader\dx11_empty\renderer.h(9): error C4430: 型指定子がありません - int と仮定しました。メモ: C++ は int を既定値としてサポートしていません
c:\users\riki takayanagi\source\repos\dx11shader\dx11_empty\renderer.h(10): error C3646: 'Normal': 不明なオーバーライド指定子です
c:\users\riki takayanagi\source\repos\dx11shader\dx11_empty\renderer.h(10): error C4430: 型指定子がありません - int と仮定しました。メモ: C++ は int を既定値としてサポートしていません
c:\users\riki takayanagi\source\repos\dx11shader\dx11_empty\renderer.h(11): error C3646: 'Diffuse': 不明なオーバーライド指定子です
c:\users\riki takayanagi\source\repos\dx11shader\dx11_empty\renderer.h(11): error C4430: 型指定子がありません - int と仮定しました。メモ: C++ は int を既定値としてサポートしていません
c:\users\riki takayanagi\source\repos\dx11shader\dx11_empty\renderer.h(12): error C3646: 'TexCoord': 不明なオーバーライド指定子です
c:\users\riki takayanagi\source\repos\dx11shader\dx11_empty\renderer.h(12): error C4430: 型指定子がありません - int と仮定しました。メモ: C++ は int を既定値としてサポートしていません
c:\users\riki takayanagi\source\repos\dx11shader\dx11_empty\renderer.h(33): error C3646: 'Direction': 不明なオーバーライド指定子です
c:\users\riki takayanagi\source\repos\dx11shader\dx11_empty\renderer.h(33): error C4430: 型指定子がありません - int と仮定しました。メモ: C++ は int を既定値としてサポートしていません
c:\users\riki takayanagi\source\repos\dx11shader\dx11_empty\camera.cpp(9): error C2065: 'm_position': 定義されていない識別子です。
c:\users\riki takayanagi\source\repos\dx11shader\dx11_empty\camera.cpp(10): error C2065: 'm_target': 定義されていない識別子です。
c:\users\riki takayanagi\source\repos\dx11shader\dx11_empty\camera.cpp(25): error C2065: 'm_position': 定義されていない識別子です。
c:\users\riki takayanagi\source\repos\dx11shader\dx11_empty\camera.cpp(25): error C2065: 'm_target': 定義されていない識別子です。
  Field.cpp
c:\users\riki takayanagi\source\repos\dx11shader\dx11_empty\renderer.h(9): error C3646: 'Position': 不明なオーバーライド指定子です
c:\users\riki takayanagi\source\repos\dx11shader\dx11_empty\renderer.h(9): error C4430: 型指定子がありません - int と仮定しました。メモ: C++ は int を既定値としてサポートしていません
c:\users\riki takayanagi\source\repos\dx11shader\dx11_empty\renderer.h(10): error C3646: 'Normal': 不明なオーバーライド指定子です
c:\users\riki takayanagi\source\repos\dx11shader\dx11_empty\renderer.h(10): error C4430: 型指定子がありません - int と仮定しました。メモ: C++ は int を既定値としてサポートしていません
c:\users\riki takayanagi\source\repos\dx11shader\dx11_empty\renderer.h(11): error C3646: 'Diffuse': 不明なオーバーライド指定子です
c:\users\riki takayanagi\source\repos\dx11shader\dx11_empty\renderer.h(11): error C4430: 型指定子がありません - int と仮定しました。メモ: C++ は int を既定値としてサポートしていません
c:\users\riki takayanagi\source\repos\dx11shader\dx11_empty\renderer.h(12): error C3646: 'TexCoord': 不明なオーバーライド指定子です
c:\users\riki takayanagi\source\repos\dx11shader\dx11_empty\renderer.h(12): error C4430: 型指定子がありません - int と仮定しました。メモ: C++ は int を既定値としてサポートしていません
c:\users\riki takayanagi\source\repos\dx11shader\dx11_empty\renderer.h(33): error C3646: 'Direction': 不明なオーバーライド指定子です
c:\users\riki takayanagi\source\repos\dx11shader\dx11_empty\renderer.h(33): error C4430: 型指定子がありません - int と仮定しました。メモ: C++ は int を既定値としてサポートしていません
c:\users\riki takayanagi\source\repos\dx11shader\dx11_empty\field.h(13): error C3646: 'm_position': 不明なオーバーライド指定子です
c:\users\riki takayanagi\source\repos\dx11shader\dx11_empty\field.h(13): error C4430: 型指定子がありません - int と仮定しました。メモ: C++ は int を既定値としてサポートしていません
c:\users\riki takayanagi\source\repos\dx11shader\dx11_empty\field.h(14): error C3646: 'm_rotation': 不明なオーバーライド指定子です
c:\users\riki takayanagi\source\repos\dx11shader\dx11_empty\field.h(14): error C4430: 型指定子がありません - int と仮定しました。メモ: C++ は int を既定値としてサポートしていません
c:\users\riki takayanagi\source\repos\dx11shader\dx11_empty\field.h(15): error C3646: 'm_scale': 不明なオーバーライド指定子です
c:\users\riki takayanagi\source\repos\dx11shader\dx11_empty\field.h(15): error C4430: 型指定子がありません - int と仮定しました。メモ: C++ は int を既定値としてサポートしていません
c:\users\riki takayanagi\source\repos\dx11shader\dx11_empty\field.cpp(11): error C2039: 'Position': 'VERTEX_3D' のメンバーではありません。
  c:\users\riki takayanagi\source\repos\dx11shader\dx11_empty\renderer.h(7): note: 'VERTEX_3D' の宣言を確認してください
c:\users\riki takayanagi\source\repos\dx11shader\dx11_empty\field.cpp(12): error C2039: 'Normal': 'VERTEX_3D' のメンバーではありません。
  c:\users\riki takayanagi\source\repos\dx11shader\dx11_empty\renderer.h(7): note: 'VERTEX_3D' の宣言を確認してください
c:\users\riki takayanagi\source\repos\dx11shader\dx11_empty\field.cpp(13): error C2039: 'Diffuse': 'VERTEX_3D' のメンバーではありません。
  c:\users\riki takayanagi\source\repos\dx11shader\dx11_empty\renderer.h(7): note: 'VERTEX_3D' の宣言を確認してください
c:\users\riki takayanagi\source\repos\dx11shader\dx11_empty\field.cpp(14): error C2039: 'TexCoord': 'VERTEX_3D' のメンバーではありません。
  c:\users\riki takayanagi\source\repos\dx11shader\dx11_empty\renderer.h(7): note: 'VERTEX_3D' の宣言を確認してください
c:\users\riki takayanagi\source\repos\dx11shader\dx11_empty\field.cpp(16): error C2039: 'Position': 'VERTEX_3D' のメンバーではありません。
  c:\users\riki takayanagi\source\repos\dx11shader\dx11_empty\renderer.h(7): note: 'VERTEX_3D' の宣言を確認してください
c:\users\riki takayanagi\source\repos\dx11shader\dx11_empty\field.cpp(17): error C2039: 'Normal': 'VERTEX_3D' のメンバーではありません。
  c:\users\riki takayanagi\source\repos\dx11shader\dx11_empty\renderer.h(7): note: 'VERTEX_3D' の宣言を確認してください
c:\users\riki takayanagi\source\repos\dx11shader\dx11_empty\field.cpp(18): error C2039: 'Diffuse': 'VERTEX_3D' のメンバーではありません。
  c:\users\riki takayanagi\source\repos\dx11shader\dx11_empty\renderer.h(7): note: 'VERTEX_3D' の宣言を確認してください
c:\users\riki takayanagi\source\repos\dx11shader\dx11_empty\field.cpp(19): error C2039: 'TexCoord': 'VERTEX_3D' のメンバーではありません。
  c:\users\riki takayanagi\source\repos\dx11shader\dx11_empty\renderer.h(7): note: 'VERTEX_3D' の宣言を確認してください
c:\users\riki takayanagi\source\repos\dx11shader\dx11_empty\field.cpp(21): error C2039: 'Position': 'VERTEX_3D' のメンバーではありません。
  c:\users\riki takayanagi\source\repos\dx11shader\dx11_empty\renderer.h(7): note: 'VERTEX_3D' の宣言を確認してください
c:\users\riki takayanagi\source\repos\dx11shader\dx11_empty\field.cpp(22): error C2039: 'Normal': 'VERTEX_3D' のメンバーではありません。
  c:\users\riki takayanagi\source\repos\dx11shader\dx11_empty\renderer.h(7): note: 'VERTEX_3D' の宣言を確認してください
c:\users\riki takayanagi\source\repos\dx11shader\dx11_empty\field.cpp(23): error C2039: 'Diffuse': 'VERTEX_3D' のメンバーではありません。
  c:\users\riki takayanagi\source\repos\dx11shader\dx11_empty\renderer.h(7): note: 'VERTEX_3D' の宣言を確認してください
c:\users\riki takayanagi\source\repos\dx11shader\dx11_empty\field.cpp(24): error C2039: 'TexCoord': 'VERTEX_3D' のメンバーではありません。
  c:\users\riki takayanagi\source\repos\dx11shader\dx11_empty\renderer.h(7): note: 'VERTEX_3D' の宣言を確認してください
c:\users\riki takayanagi\source\repos\dx11shader\dx11_empty\field.cpp(26): error C2039: 'Position': 'VERTEX_3D' のメンバーではありません。
  c:\users\riki takayanagi\source\repos\dx11shader\dx11_empty\renderer.h(7): note: 'VERTEX_3D' の宣言を確認してください
c:\users\riki takayanagi\source\repos\dx11shader\dx11_empty\field.cpp(27): error C2039: 'Normal': 'VERTEX_3D' のメンバーではありません。
  c:\users\riki takayanagi\source\repos\dx11shader\dx11_empty\renderer.h(7): note: 'VERTEX_3D' の宣言を確認してください
c:\users\riki takayanagi\source\repos\dx11shader\dx11_empty\field.cpp(28): error C2039: 'Diffuse': 'VERTEX_3D' のメンバーではありません。
  c:\users\riki takayanagi\source\repos\dx11shader\dx11_empty\renderer.h(7): note: 'VERTEX_3D' の宣言を確認してください
c:\users\riki takayanagi\source\repos\dx11shader\dx11_empty\field.cpp(29): error C2039: 'TexCoord': 'VERTEX_3D' のメンバーではありません。
  c:\users\riki takayanagi\source\repos\dx11shader\dx11_empty\renderer.h(7): note: 'VERTEX_3D' の宣言を確認してください
c:\users\riki takayanagi\source\repos\dx11shader\dx11_empty\field.cpp(61): error C2065: 'm_position': 定義されていない識別子です。
c:\users\riki takayanagi\source\repos\dx11shader\dx11_empty\field.cpp(62): error C2065: 'm_rotation': 定義されていない識別子です。
c:\users\riki takayanagi\source\repos\dx11shader\dx11_empty\field.cpp(63): error C2065: 'm_scale': 定義されていない識別子です。
c:\users\riki takayanagi\source\repos\dx11shader\dx11_empty\field.cpp(91): error C2065: 'm_scale': 定義されていない識別子です。
c:\users\riki takayanagi\source\repos\dx11shader\dx11_empty\field.cpp(91): error C2660: 'DirectX::XMMatrixScaling': 関数に 1 個の引数を指定できません。
  c:\program files (x86)\windows kits\10\include\10.0.17763.0\um\directxmathmatrix.inl(1194): note: 'DirectX::XMMatrixScaling' の宣言を確認してください
c:\users\riki takayanagi\source\repos\dx11shader\dx11_empty\field.cpp(92): error C2065: 'm_rotation': 定義されていない識別子です。
c:\users\riki takayanagi\source\repos\dx11shader\dx11_empty\field.cpp(92): error C2660: 'DirectX::XMMatrixRotationRollPitchYaw': 関数に 1 個の引数を指定できません。
  c:\program files (x86)\windows kits\10\include\10.0.17763.0\um\directxmathmatrix.inl(1521): note: 'DirectX::XMMatrixRotationRollPitchYaw' の宣言を確認してください
c:\users\riki takayanagi\source\repos\dx11shader\dx11_empty\field.cpp(93): error C2065: 'm_position': 定義されていない識別子です。
c:\users\riki takayanagi\source\repos\dx11shader\dx11_empty\field.cpp(93): error C2660: 'DirectX::XMMatrixTranslation': 関数に 1 個の引数を指定できません。
  c:\program files (x86)\windows kits\10\include\10.0.17763.0\um\directxmathmatrix.inl(1109): note: 'DirectX::XMMatrixTranslation' の宣言を確認してください
  manager.cpp
c:\users\riki takayanagi\source\repos\dx11shader\dx11_empty\renderer.h(9): error C3646: 'Position': 不明なオーバーライド指定子です
c:\users\riki takayanagi\source\repos\dx11shader\dx11_empty\renderer.h(9): error C4430: 型指定子がありません - int と仮定しました。メモ: C++ は int を既定値としてサポートしていません
c:\users\riki takayanagi\source\repos\dx11shader\dx11_empty\renderer.h(10): error C3646: 'Normal': 不明なオーバーライド指定子です
c:\users\riki takayanagi\source\repos\dx11shader\dx11_empty\renderer.h(10): error C4430: 型指定子がありません - int と仮定しました。メモ: C++ は int を既定値としてサポートしていません
c:\users\riki takayanagi\source\repos\dx11shader\dx11_empty\renderer.h(11): error C3646: 'Diffuse': 不明なオーバーライド指定子です
c:\users\riki takayanagi\source\repos\dx11shader\dx11_empty\renderer.h(11): error C4430: 型指定子がありません - int と仮定しました。メモ: C++ は int を既定値としてサポートしていません
c:\users\riki takayanagi\source\repos\dx11shader\dx11_empty\renderer.h(12): error C3646: 'TexCoord': 不明なオーバーライド指定子です
c:\users\riki takayanagi\source\repos\dx11shader\dx11_empty\renderer.h(12): error C4430: 型指定子がありません - int と仮定しました。メモ: C++ は int を既定値としてサポートしていません
c:\users\riki takayanagi\source\repos\dx11shader\dx11_empty\renderer.h(33): error C3646: 'Direction': 不明なオーバーライド指定子です
c:\users\riki takayanagi\source\repos\dx11shader\dx11_empty\renderer.h(33): error C4430: 型指定子がありません - int と仮定しました。メモ: C++ は int を既定値としてサポートしていません
  polygon2D.cpp
c:\users\riki takayanagi\source\repos\dx11shader\dx11_empty\renderer.h(9): error C3646: 'Position': 不明なオーバーライド指定子です
c:\users\riki takayanagi\source\repos\dx11shader\dx11_empty\renderer.h(9): error C4430: 型指定子がありません - int と仮定しました。メモ: C++ は int を既定値としてサポートしていません
c:\users\riki takayanagi\source\repos\dx11shader\dx11_empty\renderer.h(10): error C3646: 'Normal': 不明なオーバーライド指定子です
c:\users\riki takayanagi\source\repos\dx11shader\dx11_empty\renderer.h(10): error C4430: 型指定子がありません - int と仮定しました。メモ: C++ は int を既定値としてサポートしていません
c:\users\riki takayanagi\source\repos\dx11shader\dx11_empty\renderer.h(11): error C3646: 'Diffuse': 不明なオーバーライド指定子です
c:\users\riki takayanagi\source\repos\dx11shader\dx11_empty\renderer.h(11): error C4430: 型指定子がありません - int と仮定しました。メモ: C++ は int を既定値としてサポートしていません
c:\users\riki takayanagi\source\repos\dx11shader\dx11_empty\renderer.h(12): error C3646: 'TexCoord': 不明なオーバーライド指定子です
c:\users\riki takayanagi\source\repos\dx11shader\dx11_empty\renderer.h(12): error C4430: 型指定子がありません - int と仮定しました。メモ: C++ は int を既定値としてサポートしていません
c:\users\riki takayanagi\source\repos\dx11shader\dx11_empty\renderer.h(33): error C3646: 'Direction': 不明なオーバーライド指定子です
c:\users\riki takayanagi\source\repos\dx11shader\dx11_empty\renderer.h(33): error C4430: 型指定子がありません - int と仮定しました。メモ: C++ は int を既定値としてサポートしていません
c:\users\riki takayanagi\source\repos\dx11shader\dx11_empty\polygon2d.cpp(11): error C2039: 'Position': 'VERTEX_3D' のメンバーではありません。
  c:\users\riki takayanagi\source\repos\dx11shader\dx11_empty\renderer.h(7): note: 'VERTEX_3D' の宣言を確認してください
c:\users\riki takayanagi\source\repos\dx11shader\dx11_empty\polygon2d.cpp(12): error C2039: 'Normal': 'VERTEX_3D' のメンバーではありません。
  c:\users\riki takayanagi\source\repos\dx11shader\dx11_empty\renderer.h(7): note: 'VERTEX_3D' の宣言を確認してください
c:\users\riki takayanagi\source\repos\dx11shader\dx11_empty\polygon2d.cpp(13): error C2039: 'Diffuse': 'VERTEX_3D' のメンバーではありません。
  c:\users\riki takayanagi\source\repos\dx11shader\dx11_empty\renderer.h(7): note: 'VERTEX_3D' の宣言を確認してください
c:\users\riki takayanagi\source\repos\dx11shader\dx11_empty\polygon2d.cpp(14): error C2039: 'TexCoord': 'VERTEX_3D' のメンバーではありません。
  c:\users\riki takayanagi\source\repos\dx11shader\dx11_empty\renderer.h(7): note: 'VERTEX_3D' の宣言を確認してください
c:\users\riki takayanagi\source\repos\dx11shader\dx11_empty\polygon2d.cpp(16): error C2039: 'Position': 'VERTEX_3D' のメンバーではありません。
  c:\users\riki takayanagi\source\repos\dx11shader\dx11_empty\renderer.h(7): note: 'VERTEX_3D' の宣言を確認してください
c:\users\riki takayanagi\source\repos\dx11shader\dx11_empty\polygon2d.cpp(17): error C2039: 'Normal': 'VERTEX_3D' のメンバーではありません。
  c:\users\riki takayanagi\source\repos\dx11shader\dx11_empty\renderer.h(7): note: 'VERTEX_3D' の宣言を確認してください
c:\users\riki takayanagi\source\repos\dx11shader\dx11_empty\polygon2d.cpp(18): error C2039: 'Diffuse': 'VERTEX_3D' のメンバーではありません。
  c:\users\riki takayanagi\source\repos\dx11shader\dx11_empty\renderer.h(7): note: 'VERTEX_3D' の宣言を確認してください
c:\users\riki takayanagi\source\repos\dx11shader\dx11_empty\polygon2d.cpp(19): error C2039: 'TexCoord': 'VERTEX_3D' のメンバーではありません。
  c:\users\riki takayanagi\source\repos\dx11shader\dx11_empty\renderer.h(7): note: 'VERTEX_3D' の宣言を確認してください
c:\users\riki takayanagi\source\repos\dx11shader\dx11_empty\polygon2d.cpp(21): error C2039: 'Position': 'VERTEX_3D' のメンバーではありません。
  c:\users\riki takayanagi\source\repos\dx11shader\dx11_empty\renderer.h(7): note: 'VERTEX_3D' の宣言を確認してください
c:\users\riki takayanagi\source\repos\dx11shader\dx11_empty\polygon2d.cpp(22): error C2039: 'Normal': 'VERTEX_3D' のメンバーではありません。
  c:\users\riki takayanagi\source\repos\dx11shader\dx11_empty\renderer.h(7): note: 'VERTEX_3D' の宣言を確認してください
c:\users\riki takayanagi\source\repos\dx11shader\dx11_empty\polygon2d.cpp(23): error C2039: 'Diffuse': 'VERTEX_3D' のメンバーではありません。
  c:\users\riki takayanagi\source\repos\dx11shader\dx11_empty\renderer.h(7): note: 'VERTEX_3D' の宣言を確認してください
c:\users\riki takayanagi\source\repos\dx11shader\dx11_empty\polygon2d.cpp(24): error C2039: 'TexCoord': 'VERTEX_3D' のメンバーではありません。
  c:\users\riki takayanagi\source\repos\dx11shader\dx11_empty\renderer.h(7): note: 'VERTEX_3D' の宣言を確認してください
c:\users\riki takayanagi\source\repos\dx11shader\dx11_empty\polygon2d.cpp(26): error C2039: 'Position': 'VERTEX_3D' のメンバーではありません。
  c:\users\riki takayanagi\source\repos\dx11shader\dx11_empty\renderer.h(7): note: 'VERTEX_3D' の宣言を確認してください
c:\users\riki takayanagi\source\repos\dx11shader\dx11_empty\polygon2d.cpp(27): error C2039: 'Normal': 'VERTEX_3D' のメンバーではありません。
  c:\users\riki takayanagi\source\repos\dx11shader\dx11_empty\renderer.h(7): note: 'VERTEX_3D' の宣言を確認してください
c:\users\riki takayanagi\source\repos\dx11shader\dx11_empty\polygon2d.cpp(28): error C2039: 'Diffuse': 'VERTEX_3D' のメンバーではありません。
  c:\users\riki takayanagi\source\repos\dx11shader\dx11_empty\renderer.h(7): note: 'VERTEX_3D' の宣言を確認してください
c:\users\riki takayanagi\source\repos\dx11shader\dx11_empty\polygon2d.cpp(29): error C2039: 'TexCoord': 'VERTEX_3D' のメンバーではありません。
  c:\users\riki takayanagi\source\repos\dx11shader\dx11_empty\renderer.h(7): note: 'VERTEX_3D' の宣言を確認してください
  renderer.cpp
c:\users\riki takayanagi\source\repos\dx11shader\dx11_empty\renderer.h(9): error C3646: 'Position': 不明なオーバーライド指定子です
c:\users\riki takayanagi\source\repos\dx11shader\dx11_empty\renderer.h(9): error C4430: 型指定子がありません - int と仮定しました。メモ: C++ は int を既定値としてサポートしていません
c:\users\riki takayanagi\source\repos\dx11shader\dx11_empty\renderer.h(10): error C3646: 'Normal': 不明なオーバーライド指定子です
c:\users\riki takayanagi\source\repos\dx11shader\dx11_empty\renderer.h(10): error C4430: 型指定子がありません - int と仮定しました。メモ: C++ は int を既定値としてサポートしていません
c:\users\riki takayanagi\source\repos\dx11shader\dx11_empty\renderer.h(11): error C3646: 'Diffuse': 不明なオーバーライド指定子です
c:\users\riki takayanagi\source\repos\dx11shader\dx11_empty\renderer.h(11): error C4430: 型指定子がありません - int と仮定しました。メモ: C++ は int を既定値としてサポートしていません
c:\users\riki takayanagi\source\repos\dx11shader\dx11_empty\renderer.h(12): error C3646: 'TexCoord': 不明なオーバーライド指定子です
c:\users\riki takayanagi\source\repos\dx11shader\dx11_empty\renderer.h(12): error C4430: 型指定子がありません - int と仮定しました。メモ: C++ は int を既定値としてサポートしていません
c:\users\riki takayanagi\source\repos\dx11shader\dx11_empty\renderer.h(33): error C3646: 'Direction': 不明なオーバーライド指定子です
c:\users\riki takayanagi\source\repos\dx11shader\dx11_empty\renderer.h(33): error C4430: 型指定子がありません - int と仮定しました。メモ: C++ は int を既定値としてサポートしていません
c:\users\riki takayanagi\source\repos\dx11shader\dx11_empty\renderer.cpp(223): error C2039: 'Direction': 'LIGHT' のメンバーではありません。
  c:\users\riki takayanagi\source\repos\dx11shader\dx11_empty\renderer.h(29): note: 'LIGHT' の宣言を確認してください
c:\users\riki takayanagi\source\repos\dx11shader\dx11_empty\renderer.cpp(224): error C2039: 'Direction': 'LIGHT' のメンバーではありません。
  c:\users\riki takayanagi\source\repos\dx11shader\dx11_empty\renderer.h(29): note: 'LIGHT' の宣言を確認してください
  コードを生成中...
